Applying Forward
DSE: extract_time_invariants [flops: 58, elapsed: 0.00] >>
     eliminate_inter_stencil_redundancies [flops: 58, elapsed: 0.00] >>
     eliminate_intra_stencil_redundancies [flops: 57, elapsed: 0.01] >>
     factorize [flops: 37, elapsed: 0.02] >>
     finalize [flops: 37, elapsed: 0.00]
     [Total elapsed: 0.04 s]
DLE: analyze [elapsed: 0.01] >>
     avoid_denormals [elapsed: 0.00] >>
     loop_blocking [elapsed: 0.10] >>
     simdize [elapsed: 0.07] >>
     ompize [elapsed: 0.01]
     [Total elapsed: 0.18 s]
custom
IntelCompiler: compiled /tmp/devito-1000/8a5f7e66573cb8ecd024fe1890fe8b7a1c5232f0.c [3.63 s]
OMP: Info #204: KMP_AFFINITY: decoding x2APIC ids.
OMP: Info #202: KMP_AFFINITY: Affinity capable, using global cpuid leaf 11 info
OMP: Info #154: KMP_AFFINITY: Initial OS proc set respected: {0,1,2,3}
OMP: Info #156: KMP_AFFINITY: 4 available OS procs
OMP: Info #157: KMP_AFFINITY: Uniform topology
OMP: Info #179: KMP_AFFINITY: 1 packages x 4 cores/pkg x 1 threads/core (4 total cores)
OMP: Info #206: KMP_AFFINITY: OS proc to physical thread map:
OMP: Info #171: KMP_AFFINITY: OS proc 0 maps to package 0 core 0 
OMP: Info #171: KMP_AFFINITY: OS proc 1 maps to package 0 core 1 
OMP: Info #171: KMP_AFFINITY: OS proc 2 maps to package 0 core 2 
OMP: Info #171: KMP_AFFINITY: OS proc 3 maps to package 0 core 3 
OMP: Info #242: KMP_AFFINITY: pid 12801 tid 12801 thread 0 bound to OS proc set {0}
OMP: Info #242: KMP_AFFINITY: pid 12801 tid 12915 thread 1 bound to OS proc set {1}
OMP: Info #242: KMP_AFFINITY: pid 12801 tid 12917 thread 3 bound to OS proc set {3}
OMP: Info #242: KMP_AFFINITY: pid 12801 tid 12916 thread 2 bound to OS proc set {2}
=========================================================================================
Section loop_p_src_1<164,1> with OI=0.90 computed in 0.000 s [Perf: 0.20 GFlops/s]
Section loop_p_rec_2<164,101> with OI=1.94 computed in 0.000 s [Perf: 5.57 GFlops/s]
Section main<164,528,528,528> with OI=2.25 computed in 45.985 s [Perf: 19.42 GFlops/s]
=========================================================================================
Applying Forward
DSE: extract_time_invariants [flops: 58, elapsed: 0.00] >>
     eliminate_inter_stencil_redundancies [flops: 58, elapsed: 0.00] >>
     eliminate_intra_stencil_redundancies [flops: 57, elapsed: 0.01] >>
     factorize [flops: 37, elapsed: 0.02] >>
     finalize [flops: 37, elapsed: 0.00]
     [Total elapsed: 0.04 s]
DLE: analyze [elapsed: 0.01] >>
     avoid_denormals [elapsed: 0.00] >>
     loop_blocking [elapsed: 0.01] >>
     simdize [elapsed: 0.01] >>
     ompize [elapsed: 0.01]
     [Total elapsed: 0.03 s]
custom
IntelCompiler: compiled /tmp/devito-1000/8a5f7e66573cb8ecd024fe1890fe8b7a1c5232f0.c [3.70 s]
=========================================================================================
Section loop_p_src_1<164,1> with OI=0.90 computed in 0.000 s [Perf: 0.19 GFlops/s]
Section loop_p_rec_2<164,101> with OI=1.94 computed in 0.000 s [Perf: 5.43 GFlops/s]
Section main<164,528,528,528> with OI=2.25 computed in 45.909 s [Perf: 19.46 GFlops/s]
=========================================================================================
Traceback (most recent call last):
  File "benchmark.py", line 125, in <module>
    recclose = np.allclose(rec, customrec, atol=10e-6, equal_nan=True)
  File "/home/dylan/.local/lib/python2.7/site-packages/numpy/core/numeric.py", line 2484, in allclose
    res = all(isclose(a, b, rtol=rtol, atol=atol, equal_nan=equal_nan))
  File "/home/dylan/.local/lib/python2.7/site-packages/numpy/core/numeric.py", line 2563, in isclose
    xfin = isfinite(x)
TypeError: ufunc 'isfinite' not supported for the input types, and the inputs could not be safely coerced to any supported types according to the casting rule ''safe''
