Applying Forward
DSE: extract_time_invariants [flops: 58, elapsed: 0.00] >>
     eliminate_inter_stencil_redundancies [flops: 58, elapsed: 0.00] >>
     eliminate_intra_stencil_redundancies [flops: 57, elapsed: 0.01] >>
     factorize [flops: 37, elapsed: 0.02] >>
     finalize [flops: 37, elapsed: 0.00]
     [Total elapsed: 0.04 s]
DLE: analyze [elapsed: 0.01] >>
     avoid_denormals [elapsed: 0.00] >>
     loop_blocking [elapsed: 0.10] >>
     simdize [elapsed: 0.07] >>
     ompize [elapsed: 0.01]
     [Total elapsed: 0.19 s]
IntelCompiler: compiled /tmp/devito-1000/9d6b2e309ce6c1cf72d1262c62f469d070a91c25.c [3.66 s]
OMP: Info #204: KMP_AFFINITY: decoding x2APIC ids.
OMP: Info #202: KMP_AFFINITY: Affinity capable, using global cpuid leaf 11 info
OMP: Info #154: KMP_AFFINITY: Initial OS proc set respected: {0,1,2,3}
OMP: Info #156: KMP_AFFINITY: 4 available OS procs
OMP: Info #157: KMP_AFFINITY: Uniform topology
OMP: Info #179: KMP_AFFINITY: 1 packages x 4 cores/pkg x 1 threads/core (4 total cores)
OMP: Info #206: KMP_AFFINITY: OS proc to physical thread map:
OMP: Info #171: KMP_AFFINITY: OS proc 0 maps to package 0 core 0 
OMP: Info #171: KMP_AFFINITY: OS proc 1 maps to package 0 core 1 
OMP: Info #171: KMP_AFFINITY: OS proc 2 maps to package 0 core 2 
OMP: Info #171: KMP_AFFINITY: OS proc 3 maps to package 0 core 3 
OMP: Info #242: KMP_AFFINITY: pid 15049 tid 15049 thread 0 bound to OS proc set {0}
OMP: Info #242: KMP_AFFINITY: pid 15049 tid 15092 thread 1 bound to OS proc set {1}
OMP: Info #242: KMP_AFFINITY: pid 15049 tid 15093 thread 2 bound to OS proc set {2}
OMP: Info #242: KMP_AFFINITY: pid 15049 tid 15094 thread 3 bound to OS proc set {3}
=========================================================================================
Section loop_p_src_1<246,1> with OI=0.90 computed in 0.000 s [Perf: 0.25 GFlops/s]
Section loop_p_rec_2<246,101> with OI=1.94 computed in 0.000 s [Perf: 7.40 GFlops/s]
Section main<246,528,528,528> with OI=2.25 computed in 68.674 s [Perf: 19.51 GFlops/s]
=========================================================================================
