65.855967 15.029147 2.489950
66.021455 14.991476 2.489950
66.007898 14.994555 2.489950
66.011536 14.993728 2.489950
65.889569 15.021483 2.489950
66.015234 14.992888 2.489950
66.061042 14.982492 2.489950
65.823752 15.036503 2.489950
66.024549 14.990773 2.489950
65.796961 15.042625 2.489950
65.701090 15.064575 2.489950
65.734158 15.056997 2.489950
65.910528 15.016706 2.489950
65.940757 15.009822 2.489950
65.873936 15.025048 2.489950
65.646738 15.077048 2.489950
66.006583 14.994853 2.489950
66.127293 14.967481 2.489950
65.751897 15.052935 2.489950
65.678283 15.069807 2.489950
65.706944 15.063233 2.489950
66.202165 14.950554 2.489950
65.679507 15.069526 2.489950
66.214065 14.947867 2.489950
65.630842 15.080700 2.489950
65.502295 15.110295 2.489950
65.711969 15.062081 2.489950
65.929655 15.012350 2.489950
65.980043 15.000885 2.489950
65.695395 15.065881 2.489950
66.107050 14.972065 2.489950
66.054173 14.984050 2.489950
65.745572 15.054383 2.489950
65.624838 15.082080 2.489950
65.812160 15.039151 2.489950
65.790234 15.044163 2.489950
65.703916 15.063928 2.489950
65.869458 15.026069 2.489950
65.767742 15.049308 2.489950
65.681134 15.069153 2.489950
65.633191 15.080160 2.489950
66.235025 14.943137 2.489950
66.147899 14.962819 2.489950
65.602027 15.087324 2.489950
65.965249 15.004249 2.489950
65.715092 15.061366 2.489950
65.727009 15.058635 2.489950
66.206397 14.949598 2.489950
66.282937 14.932335 2.489950
66.129538 14.966973 2.489950
