50.884147 19.451226 2.489950
50.934201 19.432111 2.489950
50.883226 19.451578 2.489950
51.047429 19.389008 2.489950
50.971935 19.417725 2.489950
50.897913 19.445965 2.489950
50.960204 19.422195 2.489950
50.971922 19.417730 2.489950
51.055317 19.386013 2.489950
51.044940 19.389954 2.489950
50.969433 19.418678 2.489950
51.011935 19.402499 2.489950
50.929180 19.434026 2.489950
50.920068 19.437504 2.489950
50.990544 19.410639 2.489950
50.907467 19.442315 2.489950
50.937335 19.430915 2.489950
50.915903 19.439094 2.489950
50.950105 19.426045 2.489950
50.956862 19.423469 2.489950
50.994207 19.409244 2.489950
50.942512 19.428940 2.489950
51.048741 19.388510 2.489950
50.935519 19.431608 2.489950
50.971780 19.417784 2.489950
51.021354 19.398917 2.489950
50.873723 19.455211 2.489950
50.969557 19.418631 2.489950
50.870954 19.456270 2.489950
50.916080 19.439027 2.489950
50.941671 19.429261 2.489950
50.978888 19.415077 2.489950
50.951165 19.425641 2.489950
50.945109 19.427950 2.489950
50.931123 19.433285 2.489950
51.081464 19.376090 2.489950
50.924700 19.435736 2.489950
50.934365 19.432048 2.489950
50.951944 19.425344 2.489950
50.919612 19.437678 2.489950
50.932756 19.432662 2.489950
50.904616 19.443404 2.489950
50.987541 19.411782 2.489950
51.064132 19.382666 2.489950
50.884372 19.451140 2.489950
50.992259 19.409986 2.489950
51.025690 19.397269 2.489950
51.048484 19.388608 2.489950
50.966501 19.419796 2.489950
50.919756 19.437623 2.489950
