76.308055 12.970571 2.489950
76.621680 12.917480 2.489950
76.458533 12.945043 2.489950
76.593825 12.922178 2.489950
76.533307 12.932396 2.489950
76.525519 12.933712 2.489950
76.546097 12.930235 2.489950
76.487302 12.940174 2.489950
76.539410 12.931365 2.489950
76.499169 12.938167 2.489950
76.327404 12.967283 2.489950
76.592946 12.922326 2.489950
76.561884 12.927569 2.489950
76.383501 12.957759 2.489950
76.430443 12.949801 2.489950
76.555241 12.928691 2.489950
76.407287 12.953726 2.489950
76.419848 12.951596 2.489950
77.164861 12.826551 2.489950
76.916691 12.867936 2.489950
76.211632 12.986981 2.489950
76.258327 12.979029 2.489950
77.559231 12.761331 2.489950
76.563233 12.927341 2.489950
76.561655 12.927608 2.489950
76.417593 12.951979 2.489950
76.628622 12.916310 2.489950
76.556059 12.928553 2.489950
78.037236 12.683164 2.489950
84.588362 11.700889 2.489950
99.643935 9.932958 2.489950
37.935624 13.045245 2.474950
41.693843 11.869367 2.474950
41.693745 11.869395 2.474950
38.185198 12.959983 2.474950
25.230811 19.614095 2.474950
23.029715 21.488738 2.474950
22.828664 21.677988 2.474950
34.160305 14.486976 2.474950
33.648177 14.707469 2.474950
