Applying Forward
DSE: (_cse)  --> (_optimize_trigonometry)  --> (_replace_time_invariants)  --> (_factorize)  [0.28 s]
DLE: (_avoid_denormals) --> (_create_elemental_functions) --> (_simdize) --> (_ompize) [0.08 s]
OMP: Info #204: KMP_AFFINITY: decoding x2APIC ids.
OMP: Info #202: KMP_AFFINITY: Affinity capable, using global cpuid leaf 11 info
OMP: Info #154: KMP_AFFINITY: Initial OS proc set respected: {0,1,2,3,4,5,6,7}
OMP: Info #156: KMP_AFFINITY: 8 available OS procs
OMP: Info #157: KMP_AFFINITY: Uniform topology
OMP: Info #179: KMP_AFFINITY: 1 packages x 4 cores/pkg x 2 threads/core (4 total cores)
OMP: Info #206: KMP_AFFINITY: OS proc to physical thread map:
OMP: Info #171: KMP_AFFINITY: OS proc 0 maps to package 0 core 0 thread 0 
OMP: Info #171: KMP_AFFINITY: OS proc 4 maps to package 0 core 0 thread 1 
OMP: Info #171: KMP_AFFINITY: OS proc 1 maps to package 0 core 1 thread 0 
OMP: Info #171: KMP_AFFINITY: OS proc 5 maps to package 0 core 1 thread 1 
OMP: Info #171: KMP_AFFINITY: OS proc 2 maps to package 0 core 2 thread 0 
OMP: Info #171: KMP_AFFINITY: OS proc 6 maps to package 0 core 2 thread 1 
OMP: Info #171: KMP_AFFINITY: OS proc 3 maps to package 0 core 3 thread 0 
OMP: Info #171: KMP_AFFINITY: OS proc 7 maps to package 0 core 3 thread 1 
OMP: Info #144: KMP_AFFINITY: Threads may migrate across 1 innermost levels of machine
OMP: Info #242: KMP_AFFINITY: pid 23064 tid 23064 thread 0 bound to OS proc set {0,4}
OMP: Info #242: KMP_AFFINITY: pid 23064 tid 23139 thread 2 bound to OS proc set {2,6}
OMP: Info #242: KMP_AFFINITY: pid 23064 tid 23138 thread 1 bound to OS proc set {1,5}
OMP: Info #242: KMP_AFFINITY: pid 23064 tid 23140 thread 3 bound to OS proc set {3,7}
=========================================================================================
Section loop_p_src_1<328,1> with OI=2.39 computed in 0.000 s [Perf: 0.27 GFlops/s]
Section loop_p_rec_2<328,101> with OI=8.22 computed in 0.002 s [Perf: 1.66 GFlops/s]
Section main<328,528,528,528> with OI=2.50 computed in 103.342 s [Perf: 19.16 GFlops/s]
=========================================================================================
Applying Forward
DSE: (_cse)  --> (_optimize_trigonometry)  --> (_replace_time_invariants)  --> (_factorize)  [0.24 s]
DLE: (_avoid_denormals) --> (_create_elemental_functions) --> (_simdize) --> (_ompize) [0.02 s]
