Applying Forward
DSE: extract_time_invariants [flops: 58, elapsed: 0.00] >>
     eliminate_inter_stencil_redundancies [flops: 58, elapsed: 0.00] >>
     eliminate_intra_stencil_redundancies [flops: 57, elapsed: 0.01] >>
     factorize [flops: 37, elapsed: 0.02] >>
     finalize [flops: 37, elapsed: 0.00]
     [Total elapsed: 0.04 s]
DLE: analyze [elapsed: 0.01] >>
     avoid_denormals [elapsed: 0.00] >>
     simdize [elapsed: 0.07] >>
     ompize [elapsed: 0.01]
     [Total elapsed: 0.08 s]
IntelCompiler: compiled /tmp/devito-1000/75e9bd0b64b0526e1a92a174d099b5de9b5e165c.c [0.51 s]
OMP: Info #204: KMP_AFFINITY: decoding x2APIC ids.
OMP: Info #202: KMP_AFFINITY: Affinity capable, using global cpuid leaf 11 info
OMP: Info #154: KMP_AFFINITY: Initial OS proc set respected: {0,1,2,3}
OMP: Info #156: KMP_AFFINITY: 4 available OS procs
OMP: Info #157: KMP_AFFINITY: Uniform topology
OMP: Info #179: KMP_AFFINITY: 1 packages x 4 cores/pkg x 1 threads/core (4 total cores)
OMP: Info #206: KMP_AFFINITY: OS proc to physical thread map:
OMP: Info #171: KMP_AFFINITY: OS proc 0 maps to package 0 core 0 
OMP: Info #171: KMP_AFFINITY: OS proc 1 maps to package 0 core 1 
OMP: Info #171: KMP_AFFINITY: OS proc 2 maps to package 0 core 2 
OMP: Info #171: KMP_AFFINITY: OS proc 3 maps to package 0 core 3 
OMP: Info #242: KMP_AFFINITY: pid 14368 tid 14368 thread 0 bound to OS proc set {0}
OMP: Info #242: KMP_AFFINITY: pid 14368 tid 14412 thread 3 bound to OS proc set {3}
OMP: Info #242: KMP_AFFINITY: pid 14368 tid 14410 thread 1 bound to OS proc set {1}
OMP: Info #242: KMP_AFFINITY: pid 14368 tid 14411 thread 2 bound to OS proc set {2}
=========================================================================================
Section loop_p_src_1<246,1> with OI=0.90 computed in 0.000 s [Perf: 0.28 GFlops/s]
Section loop_p_rec_2<246,101> with OI=1.94 computed in 0.001 s [Perf: 3.59 GFlops/s]
Section main<246,528,528,528> with OI=2.25 computed in 133.979 s [Perf: 10.00 GFlops/s]
=========================================================================================
