84.078634 11.771826 2.489950
84.157237 11.760831 2.489950
84.276612 11.744172 2.489950
84.179400 11.757734 2.489950
83.955504 11.789090 2.489950
84.186226 11.756781 2.489950
84.138244 11.763486 2.489950
84.374079 11.730605 2.489950
84.105661 11.768043 2.489950
84.141746 11.762996 2.489950
84.575640 11.702649 2.489950
84.499438 11.713203 2.489950
84.237734 11.749592 2.489950
83.968331 11.787290 2.489950
84.246516 11.748367 2.489950
84.154205 11.761255 2.489950
84.155650 11.761053 2.489950
84.429394 11.722920 2.489950
84.136577 11.763719 2.489950
84.480850 11.715780 2.489950
84.138347 11.763471 2.489950
84.345661 11.734558 2.489950
84.359038 11.732697 2.489950
84.133469 11.764153 2.489950
84.430981 11.722700 2.489950
84.432568 11.722479 2.489950
84.166663 11.759514 2.489950
84.333128 11.736302 2.489950
84.145831 11.762425 2.489950
84.272996 11.744676 2.489950
84.185831 11.756836 2.489950
84.246238 11.748406 2.489950
84.215948 11.752632 2.489950
84.165714 11.759646 2.489950
84.625796 11.695713 2.489950
84.232061 11.750384 2.489950
84.050054 11.775829 2.489950
84.108993 11.767577 2.489950
84.307419 11.739881 2.489950
84.509100 11.711863 2.489950
84.188038 11.756528 2.489950
84.294798 11.741638 2.489950
84.379505 11.729851 2.489950
84.229976 11.750674 2.489950
84.526451 11.709459 2.489950
84.509968 11.711743 2.489950
84.248750 11.748056 2.489950
84.301420 11.740716 2.489950
84.403392 11.726531 2.489950
84.519512 11.710421 2.489950
