Applying Forward
DSE: extract_time_invariants [flops: 58, elapsed: 0.00] >>
     eliminate_inter_stencil_redundancies [flops: 58, elapsed: 0.00] >>
     eliminate_intra_stencil_redundancies [flops: 57, elapsed: 0.01] >>
     factorize [flops: 37, elapsed: 0.02] >>
     finalize [flops: 37, elapsed: 0.00]
     [Total elapsed: 0.04 s]
DLE: analyze [elapsed: 0.01] >>
     avoid_denormals [elapsed: 0.00] >>
     simdize [elapsed: 0.07] >>
     ompize [elapsed: 0.01]
     [Total elapsed: 0.08 s]
custom
/tmp/devito-1000/34c54d3eb9cd4a6a2561f62f8841617b38c52fca.c: In function ‘Forward’:
/tmp/devito-1000/34c54d3eb9cd4a6a2561f62f8841617b38c52fca.c:48:0: warning: ignoring #pragma ivdep  [-Wunknown-pragmas]
                           #pragma ivdep
 
GNUCompiler: compiled /tmp/devito-1000/34c54d3eb9cd4a6a2561f62f8841617b38c52fca.c [0.20 s]
=========================================================================================
Section loop_p_src_1<246,1> with OI=0.90 computed in 0.000 s [Perf: 0.19 GFlops/s]
Section loop_p_rec_2<246,101> with OI=1.94 computed in 0.000 s [Perf: 4.41 GFlops/s]
Section main<246,528,528,528> with OI=2.25 computed in 69.610 s [Perf: 19.25 GFlops/s]
=========================================================================================
