138.278840 5.128637 2.240704
139.910080 5.068841 2.240704
139.141481 5.096841 2.240704
140.204469 5.058198 2.240704
138.342893 5.126263 2.240704
138.689687 5.113444 2.240704
139.265921 5.092287 2.240704
147.078455 4.821794 2.240704
138.461576 5.121869 2.240704
153.377126 4.623780 2.240704
143.314982 4.948415 2.240704
150.110102 4.724412 2.240704
141.355108 5.017024 2.240704
138.701206 5.113020 2.240704
138.475304 5.121361 2.240704
139.388040 5.087825 2.240704
139.237542 5.093325 2.240704
138.413353 5.123653 2.240704
141.228400 5.021526 2.240704
139.078134 5.099163 2.240704
144.493901 4.908041 2.240704
145.676845 4.868186 2.240704
138.826926 5.108390 2.240704
139.398540 5.087442 2.240704
138.750587 5.111200 2.240704
139.983657 5.066177 2.240704
138.878067 5.106508 2.240704
139.967358 5.066767 2.240704
138.949611 5.103879 2.240704
138.825736 5.108433 2.240704
138.337684 5.126456 2.240704
140.486839 5.048032 2.240704
138.303885 5.127709 2.240704
139.052892 5.100088 2.240704
138.334237 5.126583 2.240704
139.124778 5.097453 2.240704
141.617700 5.007722 2.240704
139.360512 5.088830 2.240704
138.351523 5.125943 2.240704
138.753763 5.111083 2.240704
138.347971 5.126075 2.240704
138.299391 5.127875 2.240704
138.573456 5.117733 2.240704
138.269784 5.128973 2.240704
138.327693 5.126826 2.240704
139.250901 5.092836 2.240704
140.539405 5.046144 2.240704
138.488434 5.120875 2.240704
138.381408 5.124836 2.240704
138.344104 5.126218 2.240704
