49.794212 19.876990 2.489950
49.719988 19.906663 2.489950
49.751958 19.893871 2.489950
49.721821 19.905929 2.489950
49.735425 19.900484 2.489950
49.753600 19.893214 2.489950
49.850094 19.854707 2.489950
49.715759 19.908356 2.489950
49.843941 19.857158 2.489950
49.797746 19.875579 2.489950
49.794103 19.877033 2.489950
49.758175 19.891385 2.489950
49.774029 19.885049 2.489950
49.804049 19.873064 2.489950
49.860219 19.850676 2.489950
49.793460 19.877290 2.489950
49.885009 19.840811 2.489950
49.727467 19.903669 2.489950
49.755721 19.892366 2.489950
49.785784 19.880354 2.489950
49.750589 19.894418 2.489950
49.790117 19.878624 2.489950
49.808062 19.871462 2.489950
49.722834 19.905523 2.489950
49.829035 19.863098 2.489950
49.728677 19.903184 2.489950
49.758095 19.891417 2.489950
49.749674 19.894784 2.489950
49.801875 19.873931 2.489950
49.830204 19.862632 2.489950
49.797384 19.875723 2.489950
49.742338 19.897718 2.489950
49.826640 19.864053 2.489950
49.707000 19.911864 2.489950
49.710134 19.910609 2.489950
49.749129 19.895002 2.489950
49.760826 19.890326 2.489950
49.747120 19.895806 2.489950
49.719952 19.906677 2.489950
49.732470 19.901666 2.489950
49.775843 19.884325 2.489950
49.771179 19.886188 2.489950
49.717821 19.907530 2.489950
49.879172 19.843133 2.489950
49.733110 19.901410 2.489950
49.786755 19.879967 2.489950
49.764561 19.888833 2.489950
49.725732 19.904363 2.489950
49.771578 19.886029 2.489950
49.757741 19.891559 2.489950
