90.263726 10.965191 2.489950
90.156436 10.978240 2.489950
89.971847 11.000764 2.489950
90.049918 10.991226 2.489950
90.246156 10.967326 2.489950
90.215025 10.971111 2.489950
89.991226 10.998395 2.489950
90.266675 10.964833 2.489950
90.248506 10.967041 2.489950
90.376825 10.951469 2.489950
90.229380 10.969365 2.489950
90.272769 10.964093 2.489950
90.126007 10.981947 2.489950
90.257731 10.965920 2.489950
90.149284 10.979111 2.489950
90.349613 10.954768 2.489950
90.250306 10.966822 2.489950
89.964370 11.001678 2.489950
90.244461 10.967532 2.489950
90.120202 10.982654 2.489950
90.273482 10.964006 2.489950
90.297223 10.961124 2.489950
90.243315 10.967671 2.489950
90.228052 10.969527 2.489950
90.316368 10.958800 2.489950
90.290715 10.961914 2.489950
90.399501 10.948722 2.489950
90.265355 10.964993 2.489950
90.151035 10.978898 2.489950
90.253193 10.966471 2.489950
90.221835 10.970283 2.489950
90.263723 10.965192 2.489950
89.960402 11.002163 2.489950
89.982755 10.999430 2.489950
90.220544 10.970440 2.489950
90.229525 10.969348 2.489950
90.253970 10.966377 2.489950
90.355050 10.954109 2.489950
90.304857 10.960197 2.489950
89.984390 10.999230 2.489950
90.247916 10.967112 2.489950
90.257182 10.965986 2.489950
90.107138 10.984247 2.489950
89.829092 11.018246 2.489950
90.356071 10.953985 2.489950
90.265066 10.965029 2.489950
89.970500 11.000928 2.489950
90.402931 10.948307 2.489950
90.286672 10.962405 2.489950
90.264017 10.965156 2.489950
