67.392865 14.686407 2.489950
67.369683 14.691460 2.489950
67.330725 14.699961 2.489950
68.047342 14.545153 2.489950
67.483067 14.666776 2.489950
67.503064 14.662431 2.489950
67.677813 14.624572 2.489950
67.656099 14.629265 2.489950
67.637266 14.633339 2.489950
67.337097 14.698570 2.489950
67.813381 14.595335 2.489950
67.652452 14.630054 2.489950
68.006045 14.553986 2.489950
67.608475 14.639570 2.489950
67.483729 14.666632 2.489950
67.441404 14.675837 2.489950
67.613197 14.638548 2.489950
67.484519 14.666460 2.489950
67.976841 14.560239 2.489950
67.737270 14.611735 2.489950
67.407376 14.683245 2.489950
67.582000 14.645305 2.489950
67.633436 14.634167 2.489950
67.591959 14.643148 2.489950
67.662807 14.627815 2.489950
67.562638 14.649502 2.489950
67.487341 14.665847 2.489950
67.400286 14.684790 2.489950
67.776753 14.603223 2.489950
67.435998 14.677013 2.489950
67.601981 14.640977 2.489950
68.056786 14.543135 2.489950
67.645848 14.631482 2.489950
67.579110 14.645932 2.489950
67.448084 14.674383 2.489950
67.730233 14.613253 2.489950
67.514354 14.659979 2.489950
67.421023 14.680273 2.489950
67.518700 14.659036 2.489950
67.461846 14.671390 2.489950
67.682027 14.623661 2.489950
67.844352 14.588672 2.489950
67.467552 14.670149 2.489950
67.481271 14.667166 2.489950
67.512905 14.660294 2.489950
67.852468 14.586927 2.489950
67.702970 14.619138 2.489950
67.862038 14.584870 2.489950
67.739281 14.611301 2.489950
67.562209 14.649595 2.489950
