50.995274 19.408838 2.489950
50.974527 19.416738 2.489950
51.021335 19.398925 2.489950
51.201052 19.330834 2.489950
51.128896 19.358115 2.489950
51.117477 19.362439 2.489950
51.288928 19.297713 2.489950
51.022737 19.398392 2.489950
51.144362 19.352261 2.489950
50.883613 19.451430 2.489950
50.878633 19.453334 2.489950
51.171266 19.342086 2.489950
51.288940 19.297709 2.489950
50.989886 19.410889 2.489950
50.944940 19.428014 2.489950
51.036665 19.393098 2.489950
51.053983 19.386519 2.489950
51.085144 19.374694 2.489950
51.086382 19.374224 2.489950
50.861158 19.460018 2.489950
50.893475 19.447661 2.489950
51.015297 19.401221 2.489950
51.001531 19.406457 2.489950
51.060307 19.384118 2.489950
50.960330 19.422147 2.489950
50.939466 19.430102 2.489950
50.921674 19.436891 2.489950
50.856524 19.461791 2.489950
51.001309 19.406542 2.489950
51.066045 19.381940 2.489950
50.970708 19.418193 2.489950
51.093499 19.371526 2.489950
51.200586 19.331010 2.489950
51.028246 19.396297 2.489950
50.932077 19.432921 2.489950
50.989387 19.411079 2.489950
50.961748 19.421607 2.489950
51.008485 19.403812 2.489950
51.287988 19.298067 2.489950
51.082852 19.375563 2.489950
50.932912 19.432602 2.489950
51.023081 19.398261 2.489950
51.001060 19.406636 2.489950
51.096040 19.370562 2.489950
50.893043 19.447826 2.489950
51.017687 19.400312 2.489950
51.047314 19.389052 2.489950
51.039773 19.391917 2.489950
50.920915 19.437181 2.489950
50.904232 19.443551 2.489950
