BLOCKED
35.000691 20.261943 2.240704
34.945534 20.293924 2.240704
34.955761 20.287987 2.240704
34.893451 20.324215 2.240704
35.016799 20.252623 2.240704
34.872888 20.336200 2.240704
34.995393 20.265011 2.240704
34.911704 20.313589 2.240704
34.891857 20.325144 2.240704
35.021591 20.249851 2.240704
34.936408 20.299225 2.240704
35.045892 20.235810 2.240704
34.964916 20.282675 2.240704
34.893080 20.324432 2.240704
34.920972 20.308198 2.240704
35.019550 20.251032 2.240704
35.138063 20.182729 2.240704
34.788607 20.385467 2.240704
34.900756 20.319961 2.240704
35.003300 20.260433 2.240704
34.916312 20.310908 2.240704
35.065965 20.224226 2.240704
35.014101 20.254183 2.240704
34.986847 20.269961 2.240704
35.007206 20.258172 2.240704
34.969656 20.279925 2.240704
34.970268 20.279570 2.240704
34.971007 20.279142 2.240704
34.840708 20.354983 2.240704
34.847909 20.350777 2.240704
34.886627 20.328191 2.240704
35.073165 20.220075 2.240704
34.867458 20.339367 2.240704
34.989162 20.268620 2.240704
35.055513 20.230256 2.240704
34.979615 20.274152 2.240704
35.011848 20.255486 2.240704
34.894522 20.323592 2.240704
34.891078 20.325598 2.240704
35.076995 20.217867 2.240704
35.027757 20.246287 2.240704
34.889053 20.326777 2.240704
34.881015 20.331462 2.240704
34.881904 20.330943 2.240704
35.048923 20.234060 2.240704
34.888953 20.326836 2.240704
34.962663 20.283982 2.240704
34.821133 20.366426 2.240704
34.827463 20.362724 2.240704
34.907024 20.316313 2.240704
