TILED
111.859219 6.339951 2.240704
110.809598 6.400005 2.240704
112.226698 6.319192 2.240704
111.091234 6.383780 2.240704
112.596051 6.298463 2.240704
113.343304 6.256938 2.240704
112.073704 6.327818 2.240704
111.891803 6.338105 2.240704
112.145317 6.323777 2.240704
112.211163 6.320067 2.240704
110.755289 6.403144 2.240704
112.496441 6.304040 2.240704
110.824001 6.399174 2.240704
112.596722 6.298425 2.240704
111.754882 6.345871 2.240704
111.312182 6.371109 2.240704
115.011048 6.166208 2.240704
112.402018 6.309335 2.240704
110.980422 6.390154 2.240704
112.274413 6.316506 2.240704
110.849415 6.397706 2.240704
117.656181 6.027580 2.240704
112.644189 6.295771 2.240704
110.771015 6.402235 2.240704
112.096760 6.326517 2.240704
110.931760 6.392957 2.240704
110.789785 6.401150 2.240704
112.392137 6.309890 2.240704
111.186004 6.378339 2.240704
111.585630 6.355496 2.240704
112.458201 6.306183 2.240704
112.293260 6.315446 2.240704
112.548533 6.301122 2.240704
111.883465 6.338578 2.240704
110.938145 6.392589 2.240704
111.913178 6.336895 2.240704
112.477230 6.305116 2.240704
112.407113 6.309049 2.240704
110.996069 6.389253 2.240704
111.096346 6.383486 2.240704
113.132679 6.268587 2.240704
111.527450 6.358811 2.240704
112.476708 6.305146 2.240704
111.079958 6.384428 2.240704
110.780492 6.401687 2.240704
111.850295 6.340457 2.240704
112.466897 6.305696 2.240704
112.310586 6.314472 2.240704
112.506237 6.303491 2.240704
110.848248 6.397774 2.240704
