22.810712 21.695049 2.474950
22.856067 21.651998 2.474950
22.861159 21.647175 2.474950
22.820476 21.685767 2.474950
22.841547 21.665762 2.474950
22.787039 21.717588 2.474950
22.877371 21.631835 2.474950
22.826493 21.680050 2.474950
22.882947 21.626564 2.474950
22.913260 21.597953 2.474950
22.819156 21.687021 2.474950
22.789297 21.715436 2.474950
22.793101 21.711812 2.474950
22.782110 21.722286 2.474950
22.789657 21.715093 2.474950
22.803738 21.701684 2.474950
22.792838 21.712062 2.474950
22.778748 21.725492 2.474950
22.796660 21.708422 2.474950
22.876470 21.632687 2.474950
22.973880 21.540964 2.474950
22.811978 21.693845 2.474950
22.858372 21.649815 2.474950
22.873471 21.635523 2.474950
22.815784 21.690226 2.474950
22.816276 21.689758 2.474950
22.807314 21.698281 2.474950
22.805714 21.699804 2.474950
22.802808 21.702569 2.474950
22.785429 21.719122 2.474950
22.788553 21.716145 2.474950
22.796754 21.708332 2.474950
22.877850 21.631382 2.474950
22.801968 21.703369 2.474950
22.795332 21.709687 2.474950
22.801243 21.704059 2.474950
22.797938 21.707205 2.474950
22.806585 21.698975 2.474950
22.810887 21.694883 2.474950
22.812198 21.693636 2.474950
22.803459 21.701949 2.474950
22.847947 21.659693 2.474950
22.814962 21.691008 2.474950
22.811577 21.694226 2.474950
22.799515 21.705704 2.474950
22.786462 21.718137 2.474950
22.869219 21.639546 2.474950
22.812928 21.692942 2.474950
22.805083 21.700404 2.474950
22.862559 21.645850 2.474950
22.791367 21.713463 2.474950
