44.872893 11.028474 2.474950
44.858220 11.032081 2.474950
44.905714 11.020413 2.474950
44.864373 11.030568 2.474950
44.868356 11.029589 2.474950
44.917316 11.017566 2.474950
44.931249 11.014150 2.474950
44.827652 11.039604 2.474950
44.909422 11.019503 2.474950
44.919913 11.016929 2.474950
44.914303 11.018306 2.474950
44.912951 11.018637 2.474950
44.935614 11.013080 2.474950
44.760353 11.056202 2.474950
44.912365 11.018781 2.474950
44.902250 11.021263 2.474950
44.915767 11.017946 2.474950
44.919215 11.017101 2.474950
44.798415 11.046809 2.474950
44.931482 11.014093 2.474950
44.802501 11.045801 2.474950
44.916698 11.017718 2.474950
44.915019 11.018130 2.474950
44.923547 11.016038 2.474950
44.865720 11.030237 2.474950
44.852456 11.033499 2.474950
44.970343 11.004575 2.474950
44.913502 11.018502 2.474950
44.901133 11.021537 2.474950
44.800049 11.046406 2.474950
44.979821 11.002256 2.474950
44.923945 11.015941 2.474950
44.921500 11.016540 2.474950
44.970550 11.004524 2.474950
44.970036 11.004650 2.474950
44.928189 11.014900 2.474950
44.902411 11.021224 2.474950
44.938427 11.012391 2.474950
44.912734 11.018690 2.474950
44.861691 11.031227 2.474950
44.860042 11.031633 2.474950
44.921831 11.016459 2.474950
44.920524 11.016780 2.474950
44.901220 11.021516 2.474950
44.882693 11.026066 2.474950
44.903306 11.021004 2.474950
44.970650 11.004500 2.474950
44.914956 11.018145 2.474950
44.995624 10.998392 2.474950
44.897490 11.022432 2.474950
44.877895 11.027244 2.474950
