25.477965 19.423824 2.474950
25.449513 19.445540 2.474950
25.428088 19.461924 2.474950
25.391583 19.489904 2.474950
25.464229 19.434302 2.474950
25.483172 19.419855 2.474950
25.351651 19.520603 2.474950
25.512605 19.397451 2.474950
25.416232 19.471002 2.474950
25.447828 19.446827 2.474950
25.530375 19.383950 2.474950
25.399686 19.483686 2.474950
25.525910 19.387341 2.474950
25.479736 19.422474 2.474950
25.425303 19.464056 2.474950
25.601604 19.330020 2.474950
25.465026 19.433694 2.474950
25.395298 19.487053 2.474950
25.403208 19.480985 2.474950
25.503791 19.404155 2.474950
25.365270 19.510122 2.474950
25.511192 19.398526 2.474950
25.784323 19.193039 2.474950
25.471980 19.428388 2.474950
25.438444 19.454001 2.474950
25.393404 19.488506 2.474950
25.458583 19.438612 2.474950
25.451981 19.443654 2.474950
25.419919 19.468178 2.474950
25.474923 19.426144 2.474950
25.527337 19.386257 2.474950
25.425490 19.463913 2.474950
25.512504 19.397528 2.474950
25.424322 19.464807 2.474950
25.392773 19.488991 2.474950
25.516519 19.394476 2.474950
25.443668 19.450007 2.474950
25.546648 19.371603 2.474950
25.493887 19.411693 2.474950
25.428857 19.461335 2.474950
25.495182 19.410707 2.474950
25.437323 19.454858 2.474950
25.421004 19.467347 2.474950
25.418037 19.469620 2.474950
25.790687 19.188303 2.474950
25.513695 19.396623 2.474950
25.379231 19.499390 2.474950
25.485632 19.417981 2.474950
25.505671 19.402725 2.474950
25.396057 19.486470 2.474950
25.541270 19.375682 2.474950
