45.823092 21.599569 2.489950
45.804546 21.608314 2.489950
45.832874 21.594959 2.489950
45.928802 21.549855 2.489950
45.773835 21.622812 2.489950
45.792584 21.613959 2.489950
45.923158 21.552504 2.489950
45.818283 21.601836 2.489950
45.806833 21.607236 2.489950
45.824716 21.598803 2.489950
45.809352 21.606047 2.489950
46.795363 21.150793 2.489950
45.833334 21.594742 2.489950
45.784027 21.617999 2.489950
45.847532 21.588055 2.489950
45.794671 21.612974 2.489950
45.836046 21.593464 2.489950
45.834363 21.594257 2.489950
45.812065 21.604768 2.489950
45.936296 21.546340 2.489950
45.851550 21.586163 2.489950
45.823695 21.599285 2.489950
45.789844 21.615252 2.489950
45.962633 21.533993 2.489950
45.882856 21.571435 2.489950
45.801909 21.609558 2.489950
45.947506 21.541083 2.489950
45.923692 21.552253 2.489950
45.955824 21.537184 2.489950
45.838311 21.592397 2.489950
45.964125 21.533294 2.489950
45.908734 21.559275 2.489950
45.786003 21.617066 2.489950
45.809781 21.605845 2.489950
45.815015 21.603377 2.489950
45.862870 21.580835 2.489950
45.810835 21.605348 2.489950
45.853003 21.585479 2.489950
45.813150 21.604256 2.489950
45.770602 21.624339 2.489950
45.810834 21.605348 2.489950
45.791385 21.614525 2.489950
45.804319 21.608421 2.489950
45.957977 21.536175 2.489950
45.830973 21.595855 2.489950
45.967553 21.531688 2.489950
45.831299 21.595701 2.489950
45.832096 21.595325 2.489950
45.849487 21.587134 2.489950
45.833046 21.594878 2.489950
