50.331511 19.664799 2.489950
50.305297 19.675046 2.489950
50.510243 19.595214 2.489950
50.365655 19.651467 2.489950
50.473458 19.609495 2.489950
50.521044 19.591025 2.489950
50.302037 19.676321 2.489950
50.407855 19.635016 2.489950
50.324713 19.667455 2.489950
50.303186 19.675872 2.489950
50.460727 19.614443 2.489950
50.283503 19.683574 2.489950
50.544159 19.582065 2.489950
50.448916 19.619035 2.489950
50.633321 19.547583 2.489950
50.594987 19.562393 2.489950
50.358612 19.654216 2.489950
50.326903 19.666599 2.489950
50.465653 19.612528 2.489950
50.503896 19.597677 2.489950
50.318694 19.669808 2.489950
50.562078 19.575126 2.489950
50.339896 19.661523 2.489950
50.469594 19.610996 2.489950
50.462632 19.613702 2.489950
50.511301 19.594804 2.489950
50.414657 19.632367 2.489950
50.480508 19.606757 2.489950
50.293691 19.679586 2.489950
50.498584 19.599738 2.489950
50.400696 19.637805 2.489950
50.641185 19.544547 2.489950
50.504207 19.597556 2.489950
50.331944 19.664629 2.489950
50.815348 19.477561 2.489950
50.402405 19.637139 2.489950
50.494112 19.601474 2.489950
50.461003 19.614335 2.489950
50.744591 19.504720 2.489950
50.287960 19.681829 2.489950
50.438376 19.623134 2.489950
50.519995 19.591432 2.489950
50.575404 19.569968 2.489950
50.614572 19.554824 2.489950
50.502612 19.598175 2.489950
50.452940 19.617470 2.489950
50.526505 19.588907 2.489950
50.316984 19.670476 2.489950
50.322261 19.668413 2.489950
50.348051 19.658338 2.489950
