Applying Forward
Explicit time dimension size (time_dim) found for TimeData symbol u, despite 
using a buffered time dimension (save=False). This value will be ignored!
Explicit time dimension size (time_dim) found for TimeData symbol u, despite 
using a buffered time dimension (save=False). This value will be ignored!
DSE: extract_time_invariants [flops: 58, elapsed: 0.00] >>
     eliminate_inter_stencil_redundancies [flops: 58, elapsed: 0.00] >>
     eliminate_intra_stencil_redundancies [flops: 57, elapsed: 0.01] >>
     factorize [flops: 37, elapsed: 0.02] >>
     finalize [flops: 37, elapsed: 0.00]
     [Total elapsed: 0.04 s]
DLE: analyze [elapsed: 0.01] >>
     avoid_denormals [elapsed: 0.00] >>
     loop_blocking [elapsed: 0.10] >>
     simdize [elapsed: 0.06] >>
     ompize [elapsed: 0.00]
     [Total elapsed: 0.17 s]
IntelCompiler: compiled /tmp/devito-1000/d6f166e07ba0efd544e0308b936ac547158e9bcf.c [3.55 s]
OMP: Info #204: KMP_AFFINITY: decoding x2APIC ids.
OMP: Info #202: KMP_AFFINITY: Affinity capable, using global cpuid leaf 11 info
OMP: Info #154: KMP_AFFINITY: Initial OS proc set respected: {0,1,2,3}
OMP: Info #156: KMP_AFFINITY: 4 available OS procs
OMP: Info #157: KMP_AFFINITY: Uniform topology
OMP: Info #179: KMP_AFFINITY: 1 packages x 4 cores/pkg x 1 threads/core (4 total cores)
OMP: Info #206: KMP_AFFINITY: OS proc to physical thread map:
OMP: Info #171: KMP_AFFINITY: OS proc 0 maps to package 0 core 0 
OMP: Info #171: KMP_AFFINITY: OS proc 1 maps to package 0 core 1 
OMP: Info #171: KMP_AFFINITY: OS proc 2 maps to package 0 core 2 
OMP: Info #171: KMP_AFFINITY: OS proc 3 maps to package 0 core 3 
OMP: Info #242: KMP_AFFINITY: pid 11628 tid 11628 thread 0 bound to OS proc set {0}
OMP: Info #242: KMP_AFFINITY: pid 11628 tid 11670 thread 2 bound to OS proc set {2}
OMP: Info #242: KMP_AFFINITY: pid 11628 tid 11669 thread 1 bound to OS proc set {1}
OMP: Info #242: KMP_AFFINITY: pid 11628 tid 11671 thread 3 bound to OS proc set {3}
=========================================================================================
Section loop_p_rec_1<246,512> with OI=1.94 computed in 0.005 s [Perf: 2.15 GFlops/s]
Section main<246,528,528,528> with OI=2.25 computed in 68.437 s [Perf: 19.58 GFlops/s]
=========================================================================================
