Applying Forward
DSE: extract_time_invariants [flops: 58, elapsed: 0.00] >>
     eliminate_inter_stencil_redundancies [flops: 58, elapsed: 0.00] >>
     eliminate_intra_stencil_redundancies [flops: 57, elapsed: 0.01] >>
     factorize [flops: 37, elapsed: 0.02] >>
     finalize [flops: 37, elapsed: 0.00]
     [Total elapsed: 0.04 s]
DLE: analyze [elapsed: 0.01] >>
     avoid_denormals [elapsed: 0.00] >>
     loop_blocking [elapsed: 0.10] >>
     simdize [elapsed: 0.07] >>
     ompize [elapsed: 0.01]
     [Total elapsed: 0.18 s]
custom
IntelCompiler: compiled /tmp/devito-1000/5c90800eab5ba84fcf6f6eef0f1f369fe11df7fd.c [4.83 s]
OMP: Info #204: KMP_AFFINITY: decoding x2APIC ids.
OMP: Info #202: KMP_AFFINITY: Affinity capable, using global cpuid leaf 11 info
OMP: Info #154: KMP_AFFINITY: Initial OS proc set respected: {0,1,2,3}
OMP: Info #156: KMP_AFFINITY: 4 available OS procs
OMP: Info #157: KMP_AFFINITY: Uniform topology
OMP: Info #179: KMP_AFFINITY: 1 packages x 4 cores/pkg x 1 threads/core (4 total cores)
OMP: Info #206: KMP_AFFINITY: OS proc to physical thread map:
OMP: Info #171: KMP_AFFINITY: OS proc 0 maps to package 0 core 0 
OMP: Info #171: KMP_AFFINITY: OS proc 1 maps to package 0 core 1 
OMP: Info #171: KMP_AFFINITY: OS proc 2 maps to package 0 core 2 
OMP: Info #171: KMP_AFFINITY: OS proc 3 maps to package 0 core 3 
OMP: Info #242: KMP_AFFINITY: pid 11834 tid 11834 thread 0 bound to OS proc set {0}
OMP: Info #242: KMP_AFFINITY: pid 11834 tid 11957 thread 2 bound to OS proc set {2}
OMP: Info #242: KMP_AFFINITY: pid 11834 tid 11958 thread 3 bound to OS proc set {3}
OMP: Info #242: KMP_AFFINITY: pid 11834 tid 11956 thread 1 bound to OS proc set {1}
=========================================================================================
Section loop_p_src_1<164,1> with OI=0.90 computed in 0.000 s [Perf: 0.24 GFlops/s]
Section loop_p_rec_2<164,101> with OI=1.94 computed in 0.000 s [Perf: 7.02 GFlops/s]
Section main<164,528,528,528> with OI=2.25 computed in 45.724 s [Perf: 19.53 GFlops/s]
=========================================================================================
Applying Forward
DSE: extract_time_invariants [flops: 58, elapsed: 0.00] >>
     eliminate_inter_stencil_redundancies [flops: 58, elapsed: 0.00] >>
     eliminate_intra_stencil_redundancies [flops: 57, elapsed: 0.01] >>
     factorize [flops: 37, elapsed: 0.02] >>
     finalize [flops: 37, elapsed: 0.00]
     [Total elapsed: 0.04 s]
DLE: analyze [elapsed: 0.01] >>
     avoid_denormals [elapsed: 0.00] >>
     loop_blocking [elapsed: 0.01] >>
     simdize [elapsed: 0.01] >>
     ompize [elapsed: 0.01]
     [Total elapsed: 0.02 s]
custom
IntelCompiler: compiled /tmp/devito-1000/5c90800eab5ba84fcf6f6eef0f1f369fe11df7fd.c [4.95 s]
=========================================================================================
Section loop_p_src_1<164,1> with OI=0.90 computed in 0.000 s [Perf: 0.24 GFlops/s]
Section loop_p_rec_2<164,101> with OI=1.94 computed in 0.000 s [Perf: 6.91 GFlops/s]
Section main<164,528,528,528> with OI=2.25 computed in 45.772 s [Perf: 19.51 GFlops/s]
=========================================================================================
Traceback (most recent call last):
  File "benchmark.py", line 125, in <module>
    recclose = np.allclose(rec, customrec, atol=10e-6, equal_nan=True)
  File "/home/dylan/.local/lib/python2.7/site-packages/numpy/core/numeric.py", line 2484, in allclose
    res = all(isclose(a, b, rtol=rtol, atol=atol, equal_nan=equal_nan))
  File "/home/dylan/.local/lib/python2.7/site-packages/numpy/core/numeric.py", line 2563, in isclose
    xfin = isfinite(x)
TypeError: ufunc 'isfinite' not supported for the input types, and the inputs could not be safely coerced to any supported types according to the casting rule ''safe''
